2024-11-20T01:36:49.983+05:30  INFO 31520 --- [Email_Scheduler_Birthday] [File Watcher] rtingClassPathChangeChangedEventListener : Restarting due to 1 class path change (0 additions, 0 deletions, 1 modification)
2024-11-20T01:36:50.042+05:30  INFO 31520 --- [Email_Scheduler_Birthday] [Thread-11] j.LocalContainerEntityManagerFactoryBean : Closing JPA EntityManagerFactory for persistence unit 'default'
2024-11-20T01:36:50.045+05:30  INFO 31520 --- [Email_Scheduler_Birthday] [Thread-11] com.zaxxer.hikari.HikariDataSource       : HikariPool-3 - Shutdown initiated...
2024-11-20T01:36:50.049+05:30  INFO 31520 --- [Email_Scheduler_Birthday] [Thread-11] com.zaxxer.hikari.HikariDataSource       : HikariPool-3 - Shutdown completed.
2024-11-20T01:36:50.188+05:30  INFO 31520 --- [Email_Scheduler_Birthday] [restartedMain] c.s.s.EmailSchedulerBirthdayApplication  : Starting EmailSchedulerBirthdayApplication using Java 21.0.4 with PID 31520 (C:\Users\Manish\Documents\workspace-spring-tool-suite-4-4.26.0.RELEASE\Email_Scheduler_Birthday\target\classes started by Manish in C:\Users\Manish\Documents\workspace-spring-tool-suite-4-4.26.0.RELEASE\Email_Scheduler_Birthday)
2024-11-20T01:36:50.188+05:30  INFO 31520 --- [Email_Scheduler_Birthday] [restartedMain] c.s.s.EmailSchedulerBirthdayApplication  : No active profile set, falling back to 1 default profile: "default"
2024-11-20T01:36:50.714+05:30  INFO 31520 --- [Email_Scheduler_Birthday] [restartedMain] .s.d.r.c.RepositoryConfigurationDelegate : Bootstrapping Spring Data JPA repositories in DEFAULT mode.
2024-11-20T01:36:50.733+05:30  INFO 31520 --- [Email_Scheduler_Birthday] [restartedMain] .s.d.r.c.RepositoryConfigurationDelegate : Finished Spring Data repository scanning in 18 ms. Found 4 JPA repository interfaces.
2024-11-20T01:36:50.968+05:30  INFO 31520 --- [Email_Scheduler_Birthday] [restartedMain] o.s.b.w.embedded.tomcat.TomcatWebServer  : Tomcat initialized with port 7373 (http)
2024-11-20T01:36:50.970+05:30  INFO 31520 --- [Email_Scheduler_Birthday] [restartedMain] o.apache.catalina.core.StandardService   : Starting service [Tomcat]
2024-11-20T01:36:50.971+05:30  INFO 31520 --- [Email_Scheduler_Birthday] [restartedMain] o.apache.catalina.core.StandardEngine    : Starting Servlet engine: [Apache Tomcat/10.1.31]
2024-11-20T01:36:51.002+05:30  INFO 31520 --- [Email_Scheduler_Birthday] [restartedMain] o.a.c.c.C.[Tomcat].[localhost].[/]       : Initializing Spring embedded WebApplicationContext
2024-11-20T01:36:51.003+05:30  INFO 31520 --- [Email_Scheduler_Birthday] [restartedMain] w.s.c.ServletWebServerApplicationContext : Root WebApplicationContext: initialization completed in 811 ms
2024-11-20T01:36:51.204+05:30  INFO 31520 --- [Email_Scheduler_Birthday] [restartedMain] o.hibernate.jpa.internal.util.LogHelper  : HHH000204: Processing PersistenceUnitInfo [name: default]
2024-11-20T01:36:51.208+05:30  INFO 31520 --- [Email_Scheduler_Birthday] [restartedMain] o.h.c.internal.RegionFactoryInitiator    : HHH000026: Second-level cache disabled
2024-11-20T01:36:51.221+05:30  INFO 31520 --- [Email_Scheduler_Birthday] [restartedMain] o.s.o.j.p.SpringPersistenceUnitInfo      : No LoadTimeWeaver setup: ignoring JPA class transformer
2024-11-20T01:36:51.223+05:30  INFO 31520 --- [Email_Scheduler_Birthday] [restartedMain] com.zaxxer.hikari.HikariDataSource       : HikariPool-4 - Starting...
2024-11-20T01:36:51.295+05:30  INFO 31520 --- [Email_Scheduler_Birthday] [restartedMain] com.zaxxer.hikari.pool.HikariPool        : HikariPool-4 - Added connection org.postgresql.jdbc.PgConnection@2d8bd994
2024-11-20T01:36:51.296+05:30  INFO 31520 --- [Email_Scheduler_Birthday] [restartedMain] com.zaxxer.hikari.HikariDataSource       : HikariPool-4 - Start completed.
2024-11-20T01:36:51.309+05:30  WARN 31520 --- [Email_Scheduler_Birthday] [restartedMain] org.hibernate.orm.deprecation            : HHH90000025: PostgreSQLDialect does not need to be specified explicitly using 'hibernate.dialect' (remove the property setting and it will be selected by default)
2024-11-20T01:36:51.424+05:30  INFO 31520 --- [Email_Scheduler_Birthday] [restartedMain] o.h.e.t.j.p.i.JtaPlatformInitiator       : HHH000489: No JTA platform available (set 'hibernate.transaction.jta.platform' to enable JTA platform integration)
2024-11-20T01:36:51.476+05:30  INFO 31520 --- [Email_Scheduler_Birthday] [restartedMain] j.LocalContainerEntityManagerFactoryBean : Initialized JPA EntityManagerFactory for persistence unit 'default'
2024-11-20T01:36:51.765+05:30  WARN 31520 --- [Email_Scheduler_Birthday] [restartedMain] JpaBaseConfiguration$JpaWebConfiguration : spring.jpa.open-in-view is enabled by default. Therefore, database queries may be performed during view rendering. Explicitly configure spring.jpa.open-in-view to disable this warning
2024-11-20T01:36:52.553+05:30  INFO 31520 --- [Email_Scheduler_Birthday] [restartedMain] o.s.b.d.a.OptionalLiveReloadServer       : LiveReload server is running on port 35729
2024-11-20T01:36:52.565+05:30  INFO 31520 --- [Email_Scheduler_Birthday] [restartedMain] o.s.b.a.e.web.EndpointLinksResolver      : Exposing 4 endpoints beneath base path '/actuator'
2024-11-20T01:36:52.612+05:30  INFO 31520 --- [Email_Scheduler_Birthday] [restartedMain] o.s.b.w.embedded.tomcat.TomcatWebServer  : Tomcat started on port 7373 (http) with context path '/'
2024-11-20T01:36:52.625+05:30  INFO 31520 --- [Email_Scheduler_Birthday] [restartedMain] c.s.s.EmailSchedulerBirthdayApplication  : Started EmailSchedulerBirthdayApplication in 2.481 seconds (process running for 15477.338)
2024-11-20T01:36:52.629+05:30  INFO 31520 --- [Email_Scheduler_Birthday] [restartedMain] .ConditionEvaluationDeltaLoggingListener : Condition evaluation unchanged
2024-11-20T01:36:54.124+05:30  INFO 17588 --- [Email_Scheduler_Birthday] [restartedMain] c.s.s.EmailSchedulerBirthdayApplication  : Starting EmailSchedulerBirthdayApplication using Java 21.0.4 with PID 17588 (C:\Users\Manish\Documents\workspace-spring-tool-suite-4-4.26.0.RELEASE\Email_Scheduler_Birthday\target\classes started by Manish in C:\Users\Manish\Documents\workspace-spring-tool-suite-4-4.26.0.RELEASE\Email_Scheduler_Birthday)
2024-11-20T01:36:54.126+05:30  INFO 17588 --- [Email_Scheduler_Birthday] [restartedMain] c.s.s.EmailSchedulerBirthdayApplication  : No active profile set, falling back to 1 default profile: "default"
2024-11-20T01:36:54.168+05:30  INFO 17588 --- [Email_Scheduler_Birthday] [restartedMain] .e.DevToolsPropertyDefaultsPostProcessor : Devtools property defaults active! Set 'spring.devtools.add-properties' to 'false' to disable
2024-11-20T01:36:54.168+05:30  INFO 17588 --- [Email_Scheduler_Birthday] [restartedMain] .e.DevToolsPropertyDefaultsPostProcessor : For additional web related logging consider setting the 'logging.level.web' property to 'DEBUG'
2024-11-20T01:36:55.064+05:30  INFO 17588 --- [Email_Scheduler_Birthday] [restartedMain] .s.d.r.c.RepositoryConfigurationDelegate : Bootstrapping Spring Data JPA repositories in DEFAULT mode.
2024-11-20T01:36:55.122+05:30  INFO 17588 --- [Email_Scheduler_Birthday] [restartedMain] .s.d.r.c.RepositoryConfigurationDelegate : Finished Spring Data repository scanning in 50 ms. Found 4 JPA repository interfaces.
2024-11-20T01:36:55.965+05:30  INFO 17588 --- [Email_Scheduler_Birthday] [restartedMain] o.s.b.w.embedded.tomcat.TomcatWebServer  : Tomcat initialized with port 7373 (http)
2024-11-20T01:36:55.979+05:30  INFO 17588 --- [Email_Scheduler_Birthday] [restartedMain] o.apache.catalina.core.StandardService   : Starting service [Tomcat]
2024-11-20T01:36:55.980+05:30  INFO 17588 --- [Email_Scheduler_Birthday] [restartedMain] o.apache.catalina.core.StandardEngine    : Starting Servlet engine: [Apache Tomcat/10.1.31]
2024-11-20T01:36:56.036+05:30  INFO 17588 --- [Email_Scheduler_Birthday] [restartedMain] o.a.c.c.C.[Tomcat].[localhost].[/]       : Initializing Spring embedded WebApplicationContext
2024-11-20T01:36:56.036+05:30  INFO 17588 --- [Email_Scheduler_Birthday] [restartedMain] w.s.c.ServletWebServerApplicationContext : Root WebApplicationContext: initialization completed in 1867 ms
2024-11-20T01:36:56.337+05:30  INFO 17588 --- [Email_Scheduler_Birthday] [restartedMain] o.hibernate.jpa.internal.util.LogHelper  : HHH000204: Processing PersistenceUnitInfo [name: default]
2024-11-20T01:36:56.411+05:30  INFO 17588 --- [Email_Scheduler_Birthday] [restartedMain] org.hibernate.Version                    : HHH000412: Hibernate ORM core version 6.5.3.Final
2024-11-20T01:36:56.450+05:30  INFO 17588 --- [Email_Scheduler_Birthday] [restartedMain] o.h.c.internal.RegionFactoryInitiator    : HHH000026: Second-level cache disabled
2024-11-20T01:36:56.771+05:30  INFO 17588 --- [Email_Scheduler_Birthday] [restartedMain] o.s.o.j.p.SpringPersistenceUnitInfo      : No LoadTimeWeaver setup: ignoring JPA class transformer
2024-11-20T01:36:56.804+05:30  INFO 17588 --- [Email_Scheduler_Birthday] [restartedMain] com.zaxxer.hikari.HikariDataSource       : HikariPool-1 - Starting...
2024-11-20T01:36:57.095+05:30  INFO 17588 --- [Email_Scheduler_Birthday] [restartedMain] com.zaxxer.hikari.pool.HikariPool        : HikariPool-1 - Added connection org.postgresql.jdbc.PgConnection@2fd5aafd
2024-11-20T01:36:57.096+05:30  INFO 17588 --- [Email_Scheduler_Birthday] [restartedMain] com.zaxxer.hikari.HikariDataSource       : HikariPool-1 - Start completed.
2024-11-20T01:36:57.138+05:30  WARN 17588 --- [Email_Scheduler_Birthday] [restartedMain] org.hibernate.orm.deprecation            : HHH90000025: PostgreSQLDialect does not need to be specified explicitly using 'hibernate.dialect' (remove the property setting and it will be selected by default)
2024-11-20T01:36:58.212+05:30  INFO 17588 --- [Email_Scheduler_Birthday] [restartedMain] o.h.e.t.j.p.i.JtaPlatformInitiator       : HHH000489: No JTA platform available (set 'hibernate.transaction.jta.platform' to enable JTA platform integration)
2024-11-20T01:36:58.274+05:30  INFO 17588 --- [Email_Scheduler_Birthday] [restartedMain] j.LocalContainerEntityManagerFactoryBean : Initialized JPA EntityManagerFactory for persistence unit 'default'
2024-11-20T01:36:58.527+05:30  INFO 17588 --- [Email_Scheduler_Birthday] [restartedMain] o.s.d.j.r.query.QueryEnhancerFactory     : Hibernate is in classpath; If applicable, HQL parser will be used.
2024-11-20T01:36:58.659+05:30  WARN 17588 --- [Email_Scheduler_Birthday] [restartedMain] JpaBaseConfiguration$JpaWebConfiguration : spring.jpa.open-in-view is enabled by default. Therefore, database queries may be performed during view rendering. Explicitly configure spring.jpa.open-in-view to disable this warning
2024-11-20T01:36:59.559+05:30  WARN 17588 --- [Email_Scheduler_Birthday] [restartedMain] o.s.b.d.a.OptionalLiveReloadServer       : Unable to start LiveReload server
2024-11-20T01:36:59.574+05:30  INFO 17588 --- [Email_Scheduler_Birthday] [restartedMain] o.s.b.a.e.web.EndpointLinksResolver      : Exposing 4 endpoints beneath base path '/actuator'
2024-11-20T01:36:59.659+05:30  WARN 17588 --- [Email_Scheduler_Birthday] [restartedMain] ConfigServletWebServerApplicationContext : Exception encountered during context initialization - cancelling refresh attempt: org.springframework.context.ApplicationContextException: Failed to start bean 'webServerStartStop'
2024-11-20T01:36:59.663+05:30  INFO 17588 --- [Email_Scheduler_Birthday] [restartedMain] j.LocalContainerEntityManagerFactoryBean : Closing JPA EntityManagerFactory for persistence unit 'default'
2024-11-20T01:36:59.667+05:30  INFO 17588 --- [Email_Scheduler_Birthday] [restartedMain] com.zaxxer.hikari.HikariDataSource       : HikariPool-1 - Shutdown initiated...
2024-11-20T01:36:59.673+05:30  INFO 17588 --- [Email_Scheduler_Birthday] [restartedMain] com.zaxxer.hikari.HikariDataSource       : HikariPool-1 - Shutdown completed.
2024-11-20T01:36:59.696+05:30  INFO 17588 --- [Email_Scheduler_Birthday] [restartedMain] .s.b.a.l.ConditionEvaluationReportLogger : 

Error starting ApplicationContext. To display the condition evaluation report re-run your application with 'debug' enabled.
2024-11-20T01:36:59.722+05:30 ERROR 17588 --- [Email_Scheduler_Birthday] [restartedMain] o.s.b.d.LoggingFailureAnalysisReporter   : 

***************************
APPLICATION FAILED TO START
***************************

Description:

Web server failed to start. Port 7373 was already in use.

Action:

Identify and stop the process that's listening on port 7373 or configure this application to listen on another port.

2024-11-20T01:37:21.270+05:30  INFO 31520 --- [Email_Scheduler_Birthday] [RMI TCP Connection(298)-127.0.0.1] inMXBeanRegistrar$SpringApplicationAdmin : Application shutdown requested.
2024-11-20T01:37:21.281+05:30  INFO 31520 --- [Email_Scheduler_Birthday] [RMI TCP Connection(298)-127.0.0.1] j.LocalContainerEntityManagerFactoryBean : Closing JPA EntityManagerFactory for persistence unit 'default'
2024-11-20T01:37:21.282+05:30  INFO 31520 --- [Email_Scheduler_Birthday] [RMI TCP Connection(298)-127.0.0.1] com.zaxxer.hikari.HikariDataSource       : HikariPool-4 - Shutdown initiated...
2024-11-20T01:37:21.294+05:30  INFO 31520 --- [Email_Scheduler_Birthday] [RMI TCP Connection(298)-127.0.0.1] com.zaxxer.hikari.HikariDataSource       : HikariPool-4 - Shutdown completed.
2024-11-20T01:38:45.285+05:30  INFO 3064 --- [Email_Scheduler_Birthday] [restartedMain] c.s.s.EmailSchedulerBirthdayApplication  : Starting EmailSchedulerBirthdayApplication using Java 21.0.4 with PID 3064 (C:\Users\Manish\Documents\workspace-spring-tool-suite-4-4.26.0.RELEASE\Email_Scheduler_Birthday\target\classes started by Manish in C:\Users\Manish\Documents\workspace-spring-tool-suite-4-4.26.0.RELEASE\Email_Scheduler_Birthday)
2024-11-20T01:38:45.286+05:30  INFO 3064 --- [Email_Scheduler_Birthday] [restartedMain] c.s.s.EmailSchedulerBirthdayApplication  : No active profile set, falling back to 1 default profile: "default"
2024-11-20T01:38:45.325+05:30  INFO 3064 --- [Email_Scheduler_Birthday] [restartedMain] .e.DevToolsPropertyDefaultsPostProcessor : Devtools property defaults active! Set 'spring.devtools.add-properties' to 'false' to disable
2024-11-20T01:38:45.326+05:30  INFO 3064 --- [Email_Scheduler_Birthday] [restartedMain] .e.DevToolsPropertyDefaultsPostProcessor : For additional web related logging consider setting the 'logging.level.web' property to 'DEBUG'
2024-11-20T01:38:46.354+05:30  INFO 3064 --- [Email_Scheduler_Birthday] [restartedMain] .s.d.r.c.RepositoryConfigurationDelegate : Bootstrapping Spring Data JPA repositories in DEFAULT mode.
2024-11-20T01:38:46.411+05:30  INFO 3064 --- [Email_Scheduler_Birthday] [restartedMain] .s.d.r.c.RepositoryConfigurationDelegate : Finished Spring Data repository scanning in 50 ms. Found 4 JPA repository interfaces.
2024-11-20T01:38:47.188+05:30  INFO 3064 --- [Email_Scheduler_Birthday] [restartedMain] o.s.b.w.embedded.tomcat.TomcatWebServer  : Tomcat initialized with port 7373 (http)
2024-11-20T01:38:47.201+05:30  INFO 3064 --- [Email_Scheduler_Birthday] [restartedMain] o.apache.catalina.core.StandardService   : Starting service [Tomcat]
2024-11-20T01:38:47.201+05:30  INFO 3064 --- [Email_Scheduler_Birthday] [restartedMain] o.apache.catalina.core.StandardEngine    : Starting Servlet engine: [Apache Tomcat/10.1.31]
2024-11-20T01:38:47.259+05:30  INFO 3064 --- [Email_Scheduler_Birthday] [restartedMain] o.a.c.c.C.[Tomcat].[localhost].[/]       : Initializing Spring embedded WebApplicationContext
2024-11-20T01:38:47.259+05:30  INFO 3064 --- [Email_Scheduler_Birthday] [restartedMain] w.s.c.ServletWebServerApplicationContext : Root WebApplicationContext: initialization completed in 1933 ms
2024-11-20T01:38:47.573+05:30  INFO 3064 --- [Email_Scheduler_Birthday] [restartedMain] o.hibernate.jpa.internal.util.LogHelper  : HHH000204: Processing PersistenceUnitInfo [name: default]
2024-11-20T01:38:47.631+05:30  INFO 3064 --- [Email_Scheduler_Birthday] [restartedMain] org.hibernate.Version                    : HHH000412: Hibernate ORM core version 6.5.3.Final
2024-11-20T01:38:47.667+05:30  INFO 3064 --- [Email_Scheduler_Birthday] [restartedMain] o.h.c.internal.RegionFactoryInitiator    : HHH000026: Second-level cache disabled
2024-11-20T01:38:47.953+05:30  INFO 3064 --- [Email_Scheduler_Birthday] [restartedMain] o.s.o.j.p.SpringPersistenceUnitInfo      : No LoadTimeWeaver setup: ignoring JPA class transformer
2024-11-20T01:38:47.980+05:30  INFO 3064 --- [Email_Scheduler_Birthday] [restartedMain] com.zaxxer.hikari.HikariDataSource       : HikariPool-1 - Starting...
2024-11-20T01:38:48.132+05:30  INFO 3064 --- [Email_Scheduler_Birthday] [restartedMain] com.zaxxer.hikari.pool.HikariPool        : HikariPool-1 - Added connection org.postgresql.jdbc.PgConnection@282f5c6b
2024-11-20T01:38:48.133+05:30  INFO 3064 --- [Email_Scheduler_Birthday] [restartedMain] com.zaxxer.hikari.HikariDataSource       : HikariPool-1 - Start completed.
2024-11-20T01:38:48.166+05:30  WARN 3064 --- [Email_Scheduler_Birthday] [restartedMain] org.hibernate.orm.deprecation            : HHH90000025: PostgreSQLDialect does not need to be specified explicitly using 'hibernate.dialect' (remove the property setting and it will be selected by default)
2024-11-20T01:38:49.088+05:30  INFO 3064 --- [Email_Scheduler_Birthday] [restartedMain] o.h.e.t.j.p.i.JtaPlatformInitiator       : HHH000489: No JTA platform available (set 'hibernate.transaction.jta.platform' to enable JTA platform integration)
2024-11-20T01:38:49.152+05:30  INFO 3064 --- [Email_Scheduler_Birthday] [restartedMain] j.LocalContainerEntityManagerFactoryBean : Initialized JPA EntityManagerFactory for persistence unit 'default'
2024-11-20T01:38:49.425+05:30  INFO 3064 --- [Email_Scheduler_Birthday] [restartedMain] o.s.d.j.r.query.QueryEnhancerFactory     : Hibernate is in classpath; If applicable, HQL parser will be used.
2024-11-20T01:38:49.560+05:30  WARN 3064 --- [Email_Scheduler_Birthday] [restartedMain] JpaBaseConfiguration$JpaWebConfiguration : spring.jpa.open-in-view is enabled by default. Therefore, database queries may be performed during view rendering. Explicitly configure spring.jpa.open-in-view to disable this warning
2024-11-20T01:38:50.436+05:30  INFO 3064 --- [Email_Scheduler_Birthday] [restartedMain] o.s.b.d.a.OptionalLiveReloadServer       : LiveReload server is running on port 35729
2024-11-20T01:38:50.449+05:30  INFO 3064 --- [Email_Scheduler_Birthday] [restartedMain] o.s.b.a.e.web.EndpointLinksResolver      : Exposing 4 endpoints beneath base path '/actuator'
2024-11-20T01:38:50.529+05:30  INFO 3064 --- [Email_Scheduler_Birthday] [restartedMain] o.s.b.w.embedded.tomcat.TomcatWebServer  : Tomcat started on port 7373 (http) with context path '/'
2024-11-20T01:38:50.545+05:30  INFO 3064 --- [Email_Scheduler_Birthday] [restartedMain] c.s.s.EmailSchedulerBirthdayApplication  : Started EmailSchedulerBirthdayApplication in 5.619 seconds (process running for 6.464)
2024-11-20T01:38:51.156+05:30  INFO 3064 --- [Email_Scheduler_Birthday] [RMI TCP Connection(6)-127.0.0.1] o.a.c.c.C.[Tomcat].[localhost].[/]       : Initializing Spring DispatcherServlet 'dispatcherServlet'
2024-11-20T01:38:51.156+05:30  INFO 3064 --- [Email_Scheduler_Birthday] [RMI TCP Connection(6)-127.0.0.1] o.s.web.servlet.DispatcherServlet        : Initializing Servlet 'dispatcherServlet'
2024-11-20T01:38:51.157+05:30  INFO 3064 --- [Email_Scheduler_Birthday] [RMI TCP Connection(6)-127.0.0.1] o.s.web.servlet.DispatcherServlet        : Completed initialization in 1 ms
2024-11-20T02:14:17.196+05:30  INFO 3064 --- [Email_Scheduler_Birthday] [RMI TCP Connection(47)-127.0.0.1] inMXBeanRegistrar$SpringApplicationAdmin : Application shutdown requested.
2024-11-20T02:14:17.217+05:30  INFO 3064 --- [Email_Scheduler_Birthday] [RMI TCP Connection(47)-127.0.0.1] j.LocalContainerEntityManagerFactoryBean : Closing JPA EntityManagerFactory for persistence unit 'default'
2024-11-20T02:14:17.223+05:30  INFO 3064 --- [Email_Scheduler_Birthday] [RMI TCP Connection(47)-127.0.0.1] com.zaxxer.hikari.HikariDataSource       : HikariPool-1 - Shutdown initiated...
2024-11-20T02:14:17.228+05:30  INFO 3064 --- [Email_Scheduler_Birthday] [RMI TCP Connection(47)-127.0.0.1] com.zaxxer.hikari.HikariDataSource       : HikariPool-1 - Shutdown completed.
2024-11-20T14:41:01.102+05:30  INFO 25732 --- [Email_Scheduler_Birthday] [restartedMain] c.s.s.EmailSchedulerBirthdayApplication  : Starting EmailSchedulerBirthdayApplication using Java 21.0.4 with PID 25732 (C:\Users\Manish\Documents\workspace-spring-tool-suite-4-4.26.0.RELEASE\Email_Scheduler_Birthday\target\classes started by Manish in C:\Users\Manish\Documents\workspace-spring-tool-suite-4-4.26.0.RELEASE\Email_Scheduler_Birthday)
2024-11-20T14:41:01.104+05:30  INFO 25732 --- [Email_Scheduler_Birthday] [restartedMain] c.s.s.EmailSchedulerBirthdayApplication  : No active profile set, falling back to 1 default profile: "default"
2024-11-20T14:41:01.144+05:30  INFO 25732 --- [Email_Scheduler_Birthday] [restartedMain] .e.DevToolsPropertyDefaultsPostProcessor : Devtools property defaults active! Set 'spring.devtools.add-properties' to 'false' to disable
2024-11-20T14:41:01.144+05:30  INFO 25732 --- [Email_Scheduler_Birthday] [restartedMain] .e.DevToolsPropertyDefaultsPostProcessor : For additional web related logging consider setting the 'logging.level.web' property to 'DEBUG'
2024-11-20T14:41:02.455+05:30  INFO 25732 --- [Email_Scheduler_Birthday] [restartedMain] .s.d.r.c.RepositoryConfigurationDelegate : Bootstrapping Spring Data JPA repositories in DEFAULT mode.
2024-11-20T14:41:02.518+05:30  INFO 25732 --- [Email_Scheduler_Birthday] [restartedMain] .s.d.r.c.RepositoryConfigurationDelegate : Finished Spring Data repository scanning in 54 ms. Found 4 JPA repository interfaces.
2024-11-20T14:41:03.490+05:30  INFO 25732 --- [Email_Scheduler_Birthday] [restartedMain] o.s.b.w.embedded.tomcat.TomcatWebServer  : Tomcat initialized with port 7373 (http)
2024-11-20T14:41:03.507+05:30  INFO 25732 --- [Email_Scheduler_Birthday] [restartedMain] o.apache.catalina.core.StandardService   : Starting service [Tomcat]
2024-11-20T14:41:03.507+05:30  INFO 25732 --- [Email_Scheduler_Birthday] [restartedMain] o.apache.catalina.core.StandardEngine    : Starting Servlet engine: [Apache Tomcat/10.1.31]
2024-11-20T14:41:03.569+05:30  INFO 25732 --- [Email_Scheduler_Birthday] [restartedMain] o.a.c.c.C.[Tomcat].[localhost].[/]       : Initializing Spring embedded WebApplicationContext
2024-11-20T14:41:03.569+05:30  INFO 25732 --- [Email_Scheduler_Birthday] [restartedMain] w.s.c.ServletWebServerApplicationContext : Root WebApplicationContext: initialization completed in 2424 ms
2024-11-20T14:41:03.903+05:30  INFO 25732 --- [Email_Scheduler_Birthday] [restartedMain] o.hibernate.jpa.internal.util.LogHelper  : HHH000204: Processing PersistenceUnitInfo [name: default]
2024-11-20T14:41:03.979+05:30  INFO 25732 --- [Email_Scheduler_Birthday] [restartedMain] org.hibernate.Version                    : HHH000412: Hibernate ORM core version 6.5.3.Final
2024-11-20T14:41:04.023+05:30  INFO 25732 --- [Email_Scheduler_Birthday] [restartedMain] o.h.c.internal.RegionFactoryInitiator    : HHH000026: Second-level cache disabled
2024-11-20T14:41:04.353+05:30  INFO 25732 --- [Email_Scheduler_Birthday] [restartedMain] o.s.o.j.p.SpringPersistenceUnitInfo      : No LoadTimeWeaver setup: ignoring JPA class transformer
2024-11-20T14:41:04.390+05:30  INFO 25732 --- [Email_Scheduler_Birthday] [restartedMain] com.zaxxer.hikari.HikariDataSource       : HikariPool-1 - Starting...
2024-11-20T14:41:04.579+05:30  INFO 25732 --- [Email_Scheduler_Birthday] [restartedMain] com.zaxxer.hikari.pool.HikariPool        : HikariPool-1 - Added connection org.postgresql.jdbc.PgConnection@2fd5aafd
2024-11-20T14:41:04.580+05:30  INFO 25732 --- [Email_Scheduler_Birthday] [restartedMain] com.zaxxer.hikari.HikariDataSource       : HikariPool-1 - Start completed.
2024-11-20T14:41:04.637+05:30  WARN 25732 --- [Email_Scheduler_Birthday] [restartedMain] org.hibernate.orm.deprecation            : HHH90000025: PostgreSQLDialect does not need to be specified explicitly using 'hibernate.dialect' (remove the property setting and it will be selected by default)
2024-11-20T14:41:05.673+05:30  INFO 25732 --- [Email_Scheduler_Birthday] [restartedMain] o.h.e.t.j.p.i.JtaPlatformInitiator       : HHH000489: No JTA platform available (set 'hibernate.transaction.jta.platform' to enable JTA platform integration)
2024-11-20T14:41:05.755+05:30  INFO 25732 --- [Email_Scheduler_Birthday] [restartedMain] j.LocalContainerEntityManagerFactoryBean : Initialized JPA EntityManagerFactory for persistence unit 'default'
2024-11-20T14:41:06.075+05:30  INFO 25732 --- [Email_Scheduler_Birthday] [restartedMain] o.s.d.j.r.query.QueryEnhancerFactory     : Hibernate is in classpath; If applicable, HQL parser will be used.
2024-11-20T14:41:06.252+05:30  WARN 25732 --- [Email_Scheduler_Birthday] [restartedMain] JpaBaseConfiguration$JpaWebConfiguration : spring.jpa.open-in-view is enabled by default. Therefore, database queries may be performed during view rendering. Explicitly configure spring.jpa.open-in-view to disable this warning
2024-11-20T14:41:07.157+05:30  INFO 25732 --- [Email_Scheduler_Birthday] [restartedMain] o.s.b.d.a.OptionalLiveReloadServer       : LiveReload server is running on port 35729
2024-11-20T14:41:07.169+05:30  INFO 25732 --- [Email_Scheduler_Birthday] [restartedMain] o.s.b.a.e.web.EndpointLinksResolver      : Exposing 4 endpoints beneath base path '/actuator'
2024-11-20T14:41:07.266+05:30  INFO 25732 --- [Email_Scheduler_Birthday] [restartedMain] o.s.b.w.embedded.tomcat.TomcatWebServer  : Tomcat started on port 7373 (http) with context path '/'
2024-11-20T14:41:07.284+05:30  INFO 25732 --- [Email_Scheduler_Birthday] [restartedMain] c.s.s.EmailSchedulerBirthdayApplication  : Started EmailSchedulerBirthdayApplication in 6.587 seconds (process running for 7.523)
2024-11-20T14:41:08.026+05:30  INFO 25732 --- [Email_Scheduler_Birthday] [RMI TCP Connection(10)-127.0.0.1] o.a.c.c.C.[Tomcat].[localhost].[/]       : Initializing Spring DispatcherServlet 'dispatcherServlet'
2024-11-20T14:41:08.026+05:30  INFO 25732 --- [Email_Scheduler_Birthday] [RMI TCP Connection(10)-127.0.0.1] o.s.web.servlet.DispatcherServlet        : Initializing Servlet 'dispatcherServlet'
2024-11-20T14:41:08.027+05:30  INFO 25732 --- [Email_Scheduler_Birthday] [RMI TCP Connection(10)-127.0.0.1] o.s.web.servlet.DispatcherServlet        : Completed initialization in 1 ms
2024-11-20T15:47:46.529+05:30  INFO 25732 --- [Email_Scheduler_Birthday] [RMI TCP Connection(78)-127.0.0.1] inMXBeanRegistrar$SpringApplicationAdmin : Application shutdown requested.
2024-11-20T15:47:46.548+05:30  INFO 25732 --- [Email_Scheduler_Birthday] [RMI TCP Connection(78)-127.0.0.1] j.LocalContainerEntityManagerFactoryBean : Closing JPA EntityManagerFactory for persistence unit 'default'
2024-11-20T15:47:46.552+05:30  INFO 25732 --- [Email_Scheduler_Birthday] [RMI TCP Connection(78)-127.0.0.1] com.zaxxer.hikari.HikariDataSource       : HikariPool-1 - Shutdown initiated...
2024-11-20T15:47:46.559+05:30  INFO 25732 --- [Email_Scheduler_Birthday] [RMI TCP Connection(78)-127.0.0.1] com.zaxxer.hikari.HikariDataSource       : HikariPool-1 - Shutdown completed.
2024-11-20T19:41:15.971+05:30  INFO 19292 --- [Email_Scheduler_Birthday] [restartedMain] c.s.s.EmailSchedulerBirthdayApplication  : Starting EmailSchedulerBirthdayApplication using Java 21.0.4 with PID 19292 (C:\Users\Manish\Documents\workspace-spring-tool-suite-4-4.26.0.RELEASE\Email_Scheduler_Birthday\target\classes started by Manish in C:\Users\Manish\Documents\workspace-spring-tool-suite-4-4.26.0.RELEASE\Email_Scheduler_Birthday)
2024-11-20T19:41:15.973+05:30  INFO 19292 --- [Email_Scheduler_Birthday] [restartedMain] c.s.s.EmailSchedulerBirthdayApplication  : No active profile set, falling back to 1 default profile: "default"
2024-11-20T19:41:16.014+05:30  INFO 19292 --- [Email_Scheduler_Birthday] [restartedMain] .e.DevToolsPropertyDefaultsPostProcessor : Devtools property defaults active! Set 'spring.devtools.add-properties' to 'false' to disable
2024-11-20T19:41:16.014+05:30  INFO 19292 --- [Email_Scheduler_Birthday] [restartedMain] .e.DevToolsPropertyDefaultsPostProcessor : For additional web related logging consider setting the 'logging.level.web' property to 'DEBUG'
2024-11-20T19:41:16.977+05:30  INFO 19292 --- [Email_Scheduler_Birthday] [restartedMain] .s.d.r.c.RepositoryConfigurationDelegate : Bootstrapping Spring Data JPA repositories in DEFAULT mode.
2024-11-20T19:41:17.034+05:30  INFO 19292 --- [Email_Scheduler_Birthday] [restartedMain] .s.d.r.c.RepositoryConfigurationDelegate : Finished Spring Data repository scanning in 48 ms. Found 4 JPA repository interfaces.
2024-11-20T19:41:17.847+05:30  INFO 19292 --- [Email_Scheduler_Birthday] [restartedMain] o.s.b.w.embedded.tomcat.TomcatWebServer  : Tomcat initialized with port 7373 (http)
2024-11-20T19:41:17.862+05:30  INFO 19292 --- [Email_Scheduler_Birthday] [restartedMain] o.apache.catalina.core.StandardService   : Starting service [Tomcat]
2024-11-20T19:41:17.862+05:30  INFO 19292 --- [Email_Scheduler_Birthday] [restartedMain] o.apache.catalina.core.StandardEngine    : Starting Servlet engine: [Apache Tomcat/10.1.31]
2024-11-20T19:41:17.913+05:30  INFO 19292 --- [Email_Scheduler_Birthday] [restartedMain] o.a.c.c.C.[Tomcat].[localhost].[/]       : Initializing Spring embedded WebApplicationContext
2024-11-20T19:41:17.913+05:30  INFO 19292 --- [Email_Scheduler_Birthday] [restartedMain] w.s.c.ServletWebServerApplicationContext : Root WebApplicationContext: initialization completed in 1898 ms
2024-11-20T19:41:18.212+05:30  INFO 19292 --- [Email_Scheduler_Birthday] [restartedMain] o.hibernate.jpa.internal.util.LogHelper  : HHH000204: Processing PersistenceUnitInfo [name: default]
2024-11-20T19:41:18.280+05:30  INFO 19292 --- [Email_Scheduler_Birthday] [restartedMain] org.hibernate.Version                    : HHH000412: Hibernate ORM core version 6.5.3.Final
2024-11-20T19:41:18.318+05:30  INFO 19292 --- [Email_Scheduler_Birthday] [restartedMain] o.h.c.internal.RegionFactoryInitiator    : HHH000026: Second-level cache disabled
2024-11-20T19:41:18.655+05:30  INFO 19292 --- [Email_Scheduler_Birthday] [restartedMain] o.s.o.j.p.SpringPersistenceUnitInfo      : No LoadTimeWeaver setup: ignoring JPA class transformer
2024-11-20T19:41:18.689+05:30  INFO 19292 --- [Email_Scheduler_Birthday] [restartedMain] com.zaxxer.hikari.HikariDataSource       : HikariPool-1 - Starting...
2024-11-20T19:41:18.858+05:30  INFO 19292 --- [Email_Scheduler_Birthday] [restartedMain] com.zaxxer.hikari.pool.HikariPool        : HikariPool-1 - Added connection org.postgresql.jdbc.PgConnection@51d3eca6
2024-11-20T19:41:18.860+05:30  INFO 19292 --- [Email_Scheduler_Birthday] [restartedMain] com.zaxxer.hikari.HikariDataSource       : HikariPool-1 - Start completed.
2024-11-20T19:41:18.911+05:30  WARN 19292 --- [Email_Scheduler_Birthday] [restartedMain] org.hibernate.orm.deprecation            : HHH90000025: PostgreSQLDialect does not need to be specified explicitly using 'hibernate.dialect' (remove the property setting and it will be selected by default)
2024-11-20T19:41:19.760+05:30  INFO 19292 --- [Email_Scheduler_Birthday] [restartedMain] o.h.e.t.j.p.i.JtaPlatformInitiator       : HHH000489: No JTA platform available (set 'hibernate.transaction.jta.platform' to enable JTA platform integration)
2024-11-20T19:41:19.832+05:30  INFO 19292 --- [Email_Scheduler_Birthday] [restartedMain] j.LocalContainerEntityManagerFactoryBean : Initialized JPA EntityManagerFactory for persistence unit 'default'
2024-11-20T19:41:20.077+05:30  INFO 19292 --- [Email_Scheduler_Birthday] [restartedMain] o.s.d.j.r.query.QueryEnhancerFactory     : Hibernate is in classpath; If applicable, HQL parser will be used.
2024-11-20T19:41:20.209+05:30  WARN 19292 --- [Email_Scheduler_Birthday] [restartedMain] JpaBaseConfiguration$JpaWebConfiguration : spring.jpa.open-in-view is enabled by default. Therefore, database queries may be performed during view rendering. Explicitly configure spring.jpa.open-in-view to disable this warning
2024-11-20T19:41:21.081+05:30  INFO 19292 --- [Email_Scheduler_Birthday] [restartedMain] o.s.b.d.a.OptionalLiveReloadServer       : LiveReload server is running on port 35729
2024-11-20T19:41:21.094+05:30  INFO 19292 --- [Email_Scheduler_Birthday] [restartedMain] o.s.b.a.e.web.EndpointLinksResolver      : Exposing 4 endpoints beneath base path '/actuator'
2024-11-20T19:41:21.174+05:30  INFO 19292 --- [Email_Scheduler_Birthday] [restartedMain] o.s.b.w.embedded.tomcat.TomcatWebServer  : Tomcat started on port 7373 (http) with context path '/'
2024-11-20T19:41:21.188+05:30  INFO 19292 --- [Email_Scheduler_Birthday] [restartedMain] c.s.s.EmailSchedulerBirthdayApplication  : Started EmailSchedulerBirthdayApplication in 5.586 seconds (process running for 6.339)
2024-11-20T19:41:21.851+05:30  INFO 19292 --- [Email_Scheduler_Birthday] [RMI TCP Connection(8)-127.0.0.1] o.a.c.c.C.[Tomcat].[localhost].[/]       : Initializing Spring DispatcherServlet 'dispatcherServlet'
2024-11-20T19:41:21.851+05:30  INFO 19292 --- [Email_Scheduler_Birthday] [RMI TCP Connection(8)-127.0.0.1] o.s.web.servlet.DispatcherServlet        : Initializing Servlet 'dispatcherServlet'
2024-11-20T19:41:21.852+05:30  INFO 19292 --- [Email_Scheduler_Birthday] [RMI TCP Connection(8)-127.0.0.1] o.s.web.servlet.DispatcherServlet        : Completed initialization in 1 ms
2024-11-20T21:06:08.887+05:30  WARN 19292 --- [Email_Scheduler_Birthday] [HikariPool-1 housekeeper] com.zaxxer.hikari.pool.HikariPool        : HikariPool-1 - Thread starvation or clock leap detected (housekeeper delta=9m18s630ms349µs200ns).
2024-11-20T21:21:18.661+05:30  INFO 19292 --- [Email_Scheduler_Birthday] [RMI TCP Connection(105)-127.0.0.1] inMXBeanRegistrar$SpringApplicationAdmin : Application shutdown requested.
2024-11-20T21:21:18.676+05:30  INFO 19292 --- [Email_Scheduler_Birthday] [RMI TCP Connection(105)-127.0.0.1] j.LocalContainerEntityManagerFactoryBean : Closing JPA EntityManagerFactory for persistence unit 'default'
2024-11-20T21:21:18.680+05:30  INFO 19292 --- [Email_Scheduler_Birthday] [RMI TCP Connection(105)-127.0.0.1] com.zaxxer.hikari.HikariDataSource       : HikariPool-1 - Shutdown initiated...
2024-11-20T21:21:18.685+05:30  INFO 19292 --- [Email_Scheduler_Birthday] [RMI TCP Connection(105)-127.0.0.1] com.zaxxer.hikari.HikariDataSource       : HikariPool-1 - Shutdown completed.
2024-11-25T21:34:36.233+05:30  INFO 34968 --- [Email_Scheduler_Birthday] [restartedMain] c.s.s.EmailSchedulerBirthdayApplication  : Starting EmailSchedulerBirthdayApplication using Java 21.0.4 with PID 34968 (C:\Users\Manish\Documents\workspace-spring-tool-suite-4-4.26.0.RELEASE\Email_Scheduler_Birthday\target\classes started by Manish in C:\Users\Manish\Documents\workspace-spring-tool-suite-4-4.26.0.RELEASE\Email_Scheduler_Birthday)
2024-11-25T21:34:36.235+05:30  INFO 34968 --- [Email_Scheduler_Birthday] [restartedMain] c.s.s.EmailSchedulerBirthdayApplication  : No active profile set, falling back to 1 default profile: "default"
2024-11-25T21:34:36.277+05:30  INFO 34968 --- [Email_Scheduler_Birthday] [restartedMain] .e.DevToolsPropertyDefaultsPostProcessor : Devtools property defaults active! Set 'spring.devtools.add-properties' to 'false' to disable
2024-11-25T21:34:36.277+05:30  INFO 34968 --- [Email_Scheduler_Birthday] [restartedMain] .e.DevToolsPropertyDefaultsPostProcessor : For additional web related logging consider setting the 'logging.level.web' property to 'DEBUG'
2024-11-25T21:34:37.362+05:30  INFO 34968 --- [Email_Scheduler_Birthday] [restartedMain] .s.d.r.c.RepositoryConfigurationDelegate : Bootstrapping Spring Data JPA repositories in DEFAULT mode.
2024-11-25T21:34:37.434+05:30  INFO 34968 --- [Email_Scheduler_Birthday] [restartedMain] .s.d.r.c.RepositoryConfigurationDelegate : Finished Spring Data repository scanning in 62 ms. Found 3 JPA repository interfaces.
2024-11-25T21:34:38.422+05:30  INFO 34968 --- [Email_Scheduler_Birthday] [restartedMain] o.s.b.w.embedded.tomcat.TomcatWebServer  : Tomcat initialized with port 7373 (http)
2024-11-25T21:34:38.439+05:30  INFO 34968 --- [Email_Scheduler_Birthday] [restartedMain] o.apache.catalina.core.StandardService   : Starting service [Tomcat]
2024-11-25T21:34:38.439+05:30  INFO 34968 --- [Email_Scheduler_Birthday] [restartedMain] o.apache.catalina.core.StandardEngine    : Starting Servlet engine: [Apache Tomcat/10.1.31]
2024-11-25T21:34:38.506+05:30  INFO 34968 --- [Email_Scheduler_Birthday] [restartedMain] o.a.c.c.C.[Tomcat].[localhost].[/]       : Initializing Spring embedded WebApplicationContext
2024-11-25T21:34:38.506+05:30  INFO 34968 --- [Email_Scheduler_Birthday] [restartedMain] w.s.c.ServletWebServerApplicationContext : Root WebApplicationContext: initialization completed in 2228 ms
2024-11-25T21:34:38.874+05:30  INFO 34968 --- [Email_Scheduler_Birthday] [restartedMain] o.hibernate.jpa.internal.util.LogHelper  : HHH000204: Processing PersistenceUnitInfo [name: default]
2024-11-25T21:34:38.960+05:30  INFO 34968 --- [Email_Scheduler_Birthday] [restartedMain] org.hibernate.Version                    : HHH000412: Hibernate ORM core version 6.5.3.Final
2024-11-25T21:34:38.999+05:30  INFO 34968 --- [Email_Scheduler_Birthday] [restartedMain] o.h.c.internal.RegionFactoryInitiator    : HHH000026: Second-level cache disabled
2024-11-25T21:34:39.308+05:30  INFO 34968 --- [Email_Scheduler_Birthday] [restartedMain] o.s.o.j.p.SpringPersistenceUnitInfo      : No LoadTimeWeaver setup: ignoring JPA class transformer
2024-11-25T21:34:39.343+05:30  INFO 34968 --- [Email_Scheduler_Birthday] [restartedMain] com.zaxxer.hikari.HikariDataSource       : HikariPool-1 - Starting...
2024-11-25T21:34:39.505+05:30  INFO 34968 --- [Email_Scheduler_Birthday] [restartedMain] com.zaxxer.hikari.pool.HikariPool        : HikariPool-1 - Added connection org.postgresql.jdbc.PgConnection@23875338
2024-11-25T21:34:39.507+05:30  INFO 34968 --- [Email_Scheduler_Birthday] [restartedMain] com.zaxxer.hikari.HikariDataSource       : HikariPool-1 - Start completed.
2024-11-25T21:34:39.548+05:30  WARN 34968 --- [Email_Scheduler_Birthday] [restartedMain] org.hibernate.orm.deprecation            : HHH90000025: PostgreSQLDialect does not need to be specified explicitly using 'hibernate.dialect' (remove the property setting and it will be selected by default)
2024-11-25T21:34:40.485+05:30  INFO 34968 --- [Email_Scheduler_Birthday] [restartedMain] o.h.e.t.j.p.i.JtaPlatformInitiator       : HHH000489: No JTA platform available (set 'hibernate.transaction.jta.platform' to enable JTA platform integration)
2024-11-25T21:34:40.545+05:30  INFO 34968 --- [Email_Scheduler_Birthday] [restartedMain] j.LocalContainerEntityManagerFactoryBean : Initialized JPA EntityManagerFactory for persistence unit 'default'
2024-11-25T21:34:40.793+05:30  INFO 34968 --- [Email_Scheduler_Birthday] [restartedMain] o.s.d.j.r.query.QueryEnhancerFactory     : Hibernate is in classpath; If applicable, HQL parser will be used.
2024-11-25T21:34:40.922+05:30  WARN 34968 --- [Email_Scheduler_Birthday] [restartedMain] JpaBaseConfiguration$JpaWebConfiguration : spring.jpa.open-in-view is enabled by default. Therefore, database queries may be performed during view rendering. Explicitly configure spring.jpa.open-in-view to disable this warning
2024-11-25T21:34:41.760+05:30  INFO 34968 --- [Email_Scheduler_Birthday] [restartedMain] o.s.b.d.a.OptionalLiveReloadServer       : LiveReload server is running on port 35729
2024-11-25T21:34:41.773+05:30  INFO 34968 --- [Email_Scheduler_Birthday] [restartedMain] o.s.b.a.e.web.EndpointLinksResolver      : Exposing 4 endpoints beneath base path '/actuator'
2024-11-25T21:34:41.858+05:30  INFO 34968 --- [Email_Scheduler_Birthday] [restartedMain] o.s.b.w.embedded.tomcat.TomcatWebServer  : Tomcat started on port 7373 (http) with context path '/'
2024-11-25T21:34:41.874+05:30  INFO 34968 --- [Email_Scheduler_Birthday] [restartedMain] c.s.s.EmailSchedulerBirthdayApplication  : Started EmailSchedulerBirthdayApplication in 5.999 seconds (process running for 6.819)
2024-11-25T21:34:42.575+05:30  INFO 34968 --- [Email_Scheduler_Birthday] [RMI TCP Connection(10)-127.0.0.1] o.a.c.c.C.[Tomcat].[localhost].[/]       : Initializing Spring DispatcherServlet 'dispatcherServlet'
2024-11-25T21:34:42.576+05:30  INFO 34968 --- [Email_Scheduler_Birthday] [RMI TCP Connection(10)-127.0.0.1] o.s.web.servlet.DispatcherServlet        : Initializing Servlet 'dispatcherServlet'
2024-11-25T21:34:42.577+05:30  INFO 34968 --- [Email_Scheduler_Birthday] [RMI TCP Connection(10)-127.0.0.1] o.s.web.servlet.DispatcherServlet        : Completed initialization in 1 ms
2024-11-25T21:36:03.092+05:30  INFO 34968 --- [Email_Scheduler_Birthday] [http-nio-7373-exec-3] c.spring.scheduler.service.EmailService  : Resending failed email for employee: test-failure1@example.com
2024-11-25T21:36:03.094+05:30  INFO 34968 --- [Email_Scheduler_Birthday] [http-nio-7373-exec-3] c.spring.scheduler.service.EmailService  : Selecting random message body and image URL from different templates..
2024-11-25T21:37:06.260+05:30  INFO 34968 --- [Email_Scheduler_Birthday] [http-nio-7373-exec-7] c.spring.scheduler.service.EmailService  : Scheduled task started: Sending birthday emails for 3 employees
2024-11-25T21:37:06.261+05:30  INFO 34968 --- [Email_Scheduler_Birthday] [http-nio-7373-exec-7] c.spring.scheduler.service.EmailService  : Processing birthday email for employee: manish.das@outlook.com
2024-11-25T21:37:06.261+05:30  INFO 34968 --- [Email_Scheduler_Birthday] [http-nio-7373-exec-7] c.spring.scheduler.service.EmailService  : Fetching all predefined templates...
2024-11-25T21:37:06.262+05:30  INFO 34968 --- [Email_Scheduler_Birthday] [http-nio-7373-exec-7] c.spring.scheduler.service.EmailService  : Selecting random message body and image URL from different templates..
2024-11-25T21:37:06.648+05:30  INFO 34968 --- [Email_Scheduler_Birthday] [http-nio-7373-exec-7] c.spring.scheduler.service.EmailService  : Birthday email successfully sent to (ID: 121): manish.das@outlook.com
2024-11-25T21:37:06.651+05:30  INFO 34968 --- [Email_Scheduler_Birthday] [http-nio-7373-exec-7] c.spring.scheduler.service.EmailService  : Processing birthday email for employee: itsmemanish0102@gmail.com
2024-11-25T21:37:06.651+05:30  INFO 34968 --- [Email_Scheduler_Birthday] [http-nio-7373-exec-7] c.spring.scheduler.service.EmailService  : Fetching all predefined templates...
2024-11-25T21:37:06.652+05:30  INFO 34968 --- [Email_Scheduler_Birthday] [http-nio-7373-exec-7] c.spring.scheduler.service.EmailService  : Selecting random message body and image URL from different templates..
2024-11-25T21:37:07.044+05:30  INFO 34968 --- [Email_Scheduler_Birthday] [http-nio-7373-exec-7] c.spring.scheduler.service.EmailService  : Birthday email successfully sent to (ID: 122): itsmemanish0102@gmail.com
2024-11-25T21:37:07.046+05:30  INFO 34968 --- [Email_Scheduler_Birthday] [http-nio-7373-exec-7] c.spring.scheduler.service.EmailService  : Processing birthday email for employee: test-failure1@example.com
2024-11-25T21:37:07.047+05:30  INFO 34968 --- [Email_Scheduler_Birthday] [http-nio-7373-exec-7] c.spring.scheduler.service.EmailService  : Fetching all predefined templates...
2024-11-25T21:37:07.048+05:30  INFO 34968 --- [Email_Scheduler_Birthday] [http-nio-7373-exec-7] c.spring.scheduler.service.EmailService  : Selecting random message body and image URL from different templates..
2024-11-25T21:37:07.048+05:30 ERROR 34968 --- [Email_Scheduler_Birthday] [http-nio-7373-exec-7] c.spring.scheduler.service.EmailService  : Exception while sending email to (ID: 123): test-failure1@example.com
2024-11-25T21:37:07.050+05:30  INFO 34968 --- [Email_Scheduler_Birthday] [http-nio-7373-exec-7] c.spring.scheduler.service.EmailService  : Scheduled task complete: All birthday emails sent for the day.
2024-11-25T21:38:01.067+05:30  INFO 34968 --- [Email_Scheduler_Birthday] [RMI TCP Connection(15)-127.0.0.1] inMXBeanRegistrar$SpringApplicationAdmin : Application shutdown requested.
2024-11-25T21:38:01.080+05:30  INFO 34968 --- [Email_Scheduler_Birthday] [RMI TCP Connection(15)-127.0.0.1] j.LocalContainerEntityManagerFactoryBean : Closing JPA EntityManagerFactory for persistence unit 'default'
2024-11-25T21:38:01.083+05:30  INFO 34968 --- [Email_Scheduler_Birthday] [RMI TCP Connection(15)-127.0.0.1] com.zaxxer.hikari.HikariDataSource       : HikariPool-1 - Shutdown initiated...
2024-11-25T21:38:01.088+05:30  INFO 34968 --- [Email_Scheduler_Birthday] [RMI TCP Connection(15)-127.0.0.1] com.zaxxer.hikari.HikariDataSource       : HikariPool-1 - Shutdown completed.
